\BOOKMARK [1][-]{section.1}{\376\377\000A\000n\000a\000l\000\375\000z\000a}{}% 1
\BOOKMARK [2][-]{subsection.1.1}{\376\377\000V\000\375\000v\000o\000j\000\040\000m\000u\000l\000t\000i\000p\000l\000a\000t\000f\000o\000r\000m\000n\000\355\000c\000h\000\040\000a\000p\000l\000i\000k\000a\000c\000i\000\040\000p\000o\000m\000o\000c\000\355\000\040\000f\000r\000a\000m\000e\000w\000o\000r\000k\000u\000\040\000F\000l\000u\000t\000t\000e\000r}{section.1}% 2
\BOOKMARK [2][-]{subsection.1.2}{\376\377\000V\000\375\000b\001\033\000r\000\040\000A\000P\000I\000\040\000p\000r\000o\000\040\000z\000\355\000s\000k\000\341\000n\000\355\000\040\000d\000a\000t\000\040\000p\001\131\000e\000d\000p\000o\000v\001\033\000d\000i\000\040\000p\000o\001\015\000a\000s\000\355}{section.1}% 3
\BOOKMARK [3][-]{subsubsection.1.2.1}{\376\377\000S\000l\000u\001\176\000b\000a\000\040\000O\000p\000e\000n\000W\000e\000a\000t\000h\000e\000r}{subsection.1.2}% 4
\BOOKMARK [3][-]{subsubsection.1.2.2}{\376\377\000S\000l\000u\001\176\000b\000a\000\040\000W\000e\000a\000t\000h\000e\000r\000b\000i\000t}{subsection.1.2}% 5
\BOOKMARK [3][-]{subsubsection.1.2.3}{\376\377\000S\000l\000u\001\176\000b\000a\000\040\000M\000e\000t\000a\000W\000e\000a\000t\000h\000e\000r}{subsection.1.2}% 6
\BOOKMARK [1][-]{section.2}{\376\377\000U\001\176\000i\000v\000a\000t\000e\000l\000s\000k\000\351\000\040\000r\000o\000z\000h\000r\000a\000n\000\355\000\040\000v\000y\000t\000v\000o\001\131\000e\000n\000\351\000\040\000a\000p\000l\000i\000k\000a\000c\000e}{}% 7
\BOOKMARK [2][-]{subsection.2.1}{\376\377\000\332\000v\000o\000d\000n\000\355\000\040\000o\000b\000r\000a\000z\000o\000v\000k\000a\000\040\000a\000p\000l\000i\000k\000a\000c\000e}{section.2}% 8
\BOOKMARK [2][-]{subsection.2.2}{\376\377\000O\000b\000r\000a\000z\000o\000v\000k\000a\000\040\000p\001\131\000e\000d\000p\000o\000v\001\033\000d\000i\000\040\000p\000o\001\015\000a\000s\000\355}{section.2}% 9
\BOOKMARK [2][-]{subsection.2.3}{\376\377\000D\000i\000a\000l\000o\000g\000\040\000s\000\040\000n\000a\000s\000t\000a\000v\000e\000n\000\355\000m\000\040\000a\000p\000l\000i\000k\000a\000c\000e}{section.2}% 10
\BOOKMARK [1][-]{section.3}{\376\377\000P\000o\000p\000i\000s\000\040\000i\000m\000p\000l\000e\000m\000t\000a\000n\000c\000e}{}% 11
\BOOKMARK [2][-]{subsection.3.1}{\376\377\000S\000p\000r\000\341\000v\000a\000\040\000s\000t\000a\000v\001\157\000\040\000a\000p\000l\000i\000k\000a\000c\000e}{section.3}% 12
\BOOKMARK [2][-]{subsection.3.2}{\376\377\000P\000o\000u\001\176\000i\000t\000\341\000\040\000a\000r\000c\000h\000i\000t\000e\000k\000t\000u\000r\000a\000\040\000p\000r\000o\000\040\000s\000p\000r\000\341\000v\000u\000\040\000s\000t\000a\000v\001\157}{section.3}% 13
\BOOKMARK [3][-]{subsubsection.3.2.1}{\376\377\000M\000a\000n\000a\000g\000e\000m\000e\000n\000t\000\040\000s\000t\000a\000v\001\157\000\040\000p\000r\000o\000c\000e\000s\000u\000\040\000z\000\355\000s\000k\000\341\000v\000\341\000n\000\355\000\040\000p\001\131\000e\000d\000p\000o\000v\001\033\000d\000i\000\040\000p\000o\001\015\000a\000s\000\355}{subsection.3.2}% 14
\BOOKMARK [3][-]{subsubsection.3.2.2}{\376\377\000M\000a\000n\000a\000g\000e\000m\000e\000n\000t\000\040\000s\000t\000a\000v\001\157\000\040\000p\000r\000o\000c\000e\000s\000u\000\040\000z\000\355\000s\000k\000\341\000v\000\341\000n\000\355\000\040\000p\001\131\000e\000d\000p\000o\000v\001\033\000d\000i\000\040\000p\000o\001\015\000a\000s\000\355}{subsection.3.2}% 15
\BOOKMARK [3][-]{subsubsection.3.2.3}{\376\377\000M\000a\000n\000a\000g\000e\000m\000e\000n\000t\000\040\000s\000t\000a\000v\001\157\000\040\000p\000r\000o\000c\000e\000s\000u\000\040\000u\000l\000o\001\176\000e\000n\000\355\000\040\000h\000i\000s\000t\000o\000r\000i\000e\000\040\000v\000y\000h\000l\000e\000d\000\341\000v\000\341\000n\000\355}{subsection.3.2}% 16
\BOOKMARK [3][-]{subsubsection.3.2.4}{\376\377\000M\000a\000n\000a\000g\000e\000m\000e\000n\000t\000\040\000s\000t\000a\000v\001\157\000\040\000n\000a\000s\000t\000a\000v\000e\000n\000\355\000\040\000a\000p\000l\000i\000k\000a\000c\000e}{subsection.3.2}% 17
\BOOKMARK [2][-]{subsection.3.3}{\376\377\000P\000o\000p\000i\000s\000\040\000m\000o\000d\000u\000l\001\157\000\040\000a\000p\000l\000i\000k\000a\000c\000e}{section.3}% 18
\BOOKMARK [3][-]{subsubsection.3.3.1}{\376\377\000M\000o\000d\000u\000l\000\040\000b\000l\000o\000c\000s}{subsection.3.3}% 19
\BOOKMARK [3][-]{subsubsection.3.3.2}{\376\377\000M\000o\000d\000u\000l\000\040\000m\000o\000d\000e\000l\000s}{subsection.3.3}% 20
\BOOKMARK [3][-]{subsubsection.3.3.3}{\376\377\000M\000o\000d\000u\000l\000\040\000p\000a\000g\000e\000s}{subsection.3.3}% 21
\BOOKMARK [3][-]{subsubsection.3.3.4}{\376\377\000M\000o\000d\000u\000l\000\040\000p\000h\000y\000s\000i\000c\000s}{subsection.3.3}% 22
\BOOKMARK [3][-]{subsubsection.3.3.5}{\376\377\000M\000o\000d\000u\000l\000\040\000r\000e\000p\000o\000s\000i\000t\000o\000r\000i\000e\000s}{subsection.3.3}% 23
\BOOKMARK [3][-]{subsubsection.3.3.6}{\376\377\000M\000o\000d\000u\000l\000\040\000u\000t\000i\000l\000s}{subsection.3.3}% 24
\BOOKMARK [3][-]{subsubsection.3.3.7}{\376\377\000M\000o\000d\000u\000l\000\040\000w\000i\000d\000g\000e\000t\000s}{subsection.3.3}% 25
\BOOKMARK [3][-]{subsubsection.3.3.8}{\376\377\000M\000o\000d\000u\000l\000\040\000p\000a\000i\000n\000t\000e\000r\000s}{subsection.3.3}% 26
\BOOKMARK [1][-]{section.4}{\376\377\000Z\000\341\000v\001\033\000r}{}% 27
